<?xml version="1.0" encoding="UTF-8"?>
<!-- Generated by org.testng.reporters.JUnitReportReporter -->
<testsuite hostname="LAPTOP-8GDB65Q0" failures="0" tests="3" name="rahulshettyacademy.Tests.StandAloneTesting" time="40.733" errors="0" timestamp="2025-05-09T09:15:42 IST" skipped="0">
  <testcase classname="rahulshettyacademy.Tests.StandAloneTesting" name="SubmitOrder" time="17.255"/>
  <testcase classname="rahulshettyacademy.Tests.StandAloneTesting" name="orderHistoryTest" time="5.185"/>
  <testcase classname="rahulshettyacademy.Tests.StandAloneTesting" name="SubmitOrder" time="18.293"/>
</testsuite> <!-- rahulshettyacademy.Tests.StandAloneTesting -->
