<?xml version="1.0" encoding="UTF-8"?>
<!-- Generated by org.testng.reporters.JUnitReportReporter -->
<testsuite hostname="LAPTOP-8GDB65Q0" failures="0" tests="2" name="rahulshettyacademy.Tests.ErrorValidations" time="22.258" errors="0" timestamp="2025-05-09T09:15:42 IST" skipped="0">
  <testcase classname="rahulshettyacademy.Tests.ErrorValidations" name="LoginErrorMessage" time="2.171"/>
  <testcase classname="rahulshettyacademy.Tests.ErrorValidations" name="ProductErrorValidation" time="20.087"/>
</testsuite> <!-- rahulshettyacademy.Tests.ErrorValidations -->
