<?xml version="1.0" encoding="UTF-8"?>
<!-- Generated by org.testng.reporters.JUnitReportReporter -->
<testsuite hostname="LAPTOP-8GDB65Q0" failures="0" tests="3" name="rahulshettyacademy.Tests.StandAloneTesting" time="47.368" errors="0" timestamp="2025-05-12T09:15:16 IST" skipped="0">
  <testcase classname="rahulshettyacademy.Tests.StandAloneTesting" name="SubmitOrder" time="19.083"/>
  <testcase classname="rahulshettyacademy.Tests.StandAloneTesting" name="orderHistoryTest" time="4.900"/>
  <testcase classname="rahulshettyacademy.Tests.StandAloneTesting" name="SubmitOrder" time="23.385"/>
</testsuite> <!-- rahulshettyacademy.Tests.StandAloneTesting -->
