<?xml version="1.0" encoding="UTF-8"?>
<!-- Generated by org.testng.reporters.JUnitReportReporter -->
<testsuite hostname="LAPTOP-8GDB65Q0" failures="0" tests="2" name="rahulshettyacademy.Tests.ErrorValidations" time="26.169" errors="0" timestamp="2025-05-12T09:15:16 IST" skipped="0">
  <testcase classname="rahulshettyacademy.Tests.ErrorValidations" name="ProductErrorValidation" time="18.480"/>
  <testcase classname="rahulshettyacademy.Tests.ErrorValidations" name="LoginErrorMessage" time="7.689"/>
</testsuite> <!-- rahulshettyacademy.Tests.ErrorValidations -->
