<?xml version="1.0" encoding="UTF-8"?>
<!-- Generated by org.testng.reporters.JUnitReportReporter -->
<testsuite hostname="LAPTOP-8GDB65Q0" failures="0" tests="3" name="rahulshettyacademy.Tests.StandAloneTesting" time="43.019" errors="0" timestamp="2025-05-12T09:12:21 IST" skipped="0">
  <testcase classname="rahulshettyacademy.Tests.StandAloneTesting" name="SubmitOrder" time="17.770"/>
  <testcase classname="rahulshettyacademy.Tests.StandAloneTesting" name="SubmitOrder" time="21.736"/>
  <testcase classname="rahulshettyacademy.Tests.StandAloneTesting" name="orderHistoryTest" time="3.513"/>
</testsuite> <!-- rahulshettyacademy.Tests.StandAloneTesting -->
