<?xml version="1.0" encoding="UTF-8"?>
<!-- Generated by org.testng.reporters.JUnitReportReporter -->
<testsuite hostname="LAPTOP-8GDB65Q0" failures="0" tests="2" name="rahulshettyacademy.Tests.ErrorValidations" time="33.064" errors="0" timestamp="2025-05-10T15:07:50 IST" skipped="0">
  <testcase classname="rahulshettyacademy.Tests.ErrorValidations" name="LoginErrorMessage" time="12.032"/>
  <testcase classname="rahulshettyacademy.Tests.ErrorValidations" name="ProductErrorValidation" time="21.032"/>
</testsuite> <!-- rahulshettyacademy.Tests.ErrorValidations -->
