<?xml version="1.0" encoding="UTF-8"?>
<!-- Generated by org.testng.reporters.JUnitReportReporter -->
<testsuite hostname="LAPTOP-8GDB65Q0" failures="0" tests="2" name="rahulshettyacademy.Tests.ErrorValidations" time="23.856" errors="0" timestamp="2025-05-12T09:12:21 IST" skipped="0">
  <testcase classname="rahulshettyacademy.Tests.ErrorValidations" name="LoginErrorMessage" time="6.314"/>
  <testcase classname="rahulshettyacademy.Tests.ErrorValidations" name="ProductErrorValidation" time="17.542"/>
</testsuite> <!-- rahulshettyacademy.Tests.ErrorValidations -->
