<?xml version="1.0" encoding="UTF-8"?>
<!-- Generated by org.testng.reporters.JUnitReportReporter -->
<testsuite hostname="LAPTOP-8GDB65Q0" failures="0" tests="2" name="rahulshettyacademy.Tests.StandAloneTesting" time="44.381" errors="0" timestamp="2025-05-10T15:27:19 IST" skipped="0">
  <testcase classname="rahulshettyacademy.Tests.StandAloneTesting" name="SubmitOrder" time="19.024"/>
  <testcase classname="rahulshettyacademy.Tests.StandAloneTesting" name="SubmitOrder" time="25.357"/>
</testsuite> <!-- rahulshettyacademy.Tests.StandAloneTesting -->
